<?xml version="1.0" encoding="UTF-8"?>
<!-- Generated by org.testng.reporters.JUnitReportReporter -->
<testsuite hostname="LAPTOP-F6S3DREB" failures="0" tests="1" name="selenium.UIControls" time="0.019" errors="0" timestamp="2023-05-20T20:11:15 IST" skipped="0">
  <testcase classname="selenium.UIControls" name="test" time="0.019"/>
  <system-out/>
</testsuite> <!-- selenium.UIControls -->
