<?xml version="1.0" encoding="UTF-8"?>
<!-- Generated by org.testng.reporters.JUnitReportReporter -->
<testsuite hostname="LAPTOP-F6S3DREB" failures="0" tests="4" name="apiPractice.RestAssuredTest" time="3.664" errors="0" timestamp="2023-05-20T20:09:58 IST" skipped="0">
  <testcase classname="apiPractice.RestAssuredTest" name="verifyPut" time="0.375"/>
  <system-out/>
  <testcase classname="apiPractice.RestAssuredTest" name="verifyDelete" time="2.616"/>
  <system-out/>
  <testcase classname="apiPractice.RestAssuredTest" name="verifyGet" time="0.181"/>
  <system-out/>
  <testcase classname="apiPractice.RestAssuredTest" name="verifyPost" time="0.492"/>
  <system-out/>
</testsuite> <!-- apiPractice.RestAssuredTest -->
